0 info it worked if it ends with ok
1 verbose cli [ '/home/bencevans/v0.10.22/bin/node',
1 verbose cli   '/home/bencevans/v0.10.22/bin/npm',
1 verbose cli   'run',
1 verbose cli   'coverage' ]
2 info using npm@1.3.14
3 info using node@v0.10.22
4 error Error: ENOENT, open '/home/bencevans/Development/tomahawk-network.js/examples/package.json'
5 error If you need help, you may report this log at:
5 error     <http://github.com/isaacs/npm/issues>
5 error or email it to:
5 error     <npm-@googlegroups.com>
6 error System Linux 3.8.0-34-generic
7 error command "/home/bencevans/v0.10.22/bin/node" "/home/bencevans/v0.10.22/bin/npm" "run" "coverage"
8 error cwd /home/bencevans/Development/tomahawk-network.js/examples
9 error node -v v0.10.22
10 error npm -v 1.3.14
11 error path /home/bencevans/Development/tomahawk-network.js/examples/package.json
12 error code ENOENT
13 error errno 34
14 verbose exit [ 34, true ]
